This is pdfTeX, Version 3.14159265-2.6-1.40.20 (MiKTeX 2.9.7250 64-bit) (preloaded format=pdflatex 2020.1.3)  22 OCT 2020 11:30
entering extended mode
**./Lista2.tex
(Lista2.tex
LaTeX2e <2019-10-01> patch level 3
("C:\Users\domin\AppData\Local\Programs\MiKTeX 2.9\tex/latex/base\article.cls"
Document Class: article 2019/10/25 v1.4k Standard LaTeX document class
("C:\Users\domin\AppData\Local\Programs\MiKTeX 2.9\tex/latex/base\size10.clo"
File: size10.clo 2019/10/25 v1.4k Standard LaTeX file (size option)
)
\c@part=\count80
\c@section=\count81
\c@subsection=\count82
\c@subsubsection=\count83
\c@paragraph=\count84
\c@subparagraph=\count85
\c@figure=\count86
\c@table=\count87
\abovecaptionskip=\skip41
\belowcaptionskip=\skip42
\bibindent=\dimen102
) ("C:\Users\domin\AppData\Local\Programs\MiKTeX 2.9\tex/latex/base\inputenc.st
y"
Package: inputenc 2018/08/11 v1.3c Input encoding file
\inpenc@prehook=\toks14
\inpenc@posthook=\toks15
)
("C:\Users\domin\AppData\Local\Programs\MiKTeX 2.9\tex/latex/polski\polski.sty"
Package: polski 2017/05/04 v1.3.4 Polish language package
   Inputenc package detected. Catcodes not changed.
   Switching to Polish text encoding and Polish maths fonts.
("C:\Users\domin\AppData\Local\Programs\MiKTeX 2.9\tex/latex/base\ot4enc.def"
File: ot4enc.def 2018/08/11 v2.0j Standard LaTeX file
Now handling font encoding OT4 ...
... no UTF-8 mapping file for font encoding OT4
)
LaTeX Font Info:    Trying to load font information for OT4+cmr on input line 3
60.

("C:\Users\domin\AppData\Local\Programs\MiKTeX 2.9\tex/latex/polski\ot4cmr.fd"
File: ot4cmr.fd 2008/02/24 v1.2.1 Font defs for fonts PL (MW)
)
LaTeX Font Info:    Overwriting math alphabet `\mathbf' in version `normal'
(Font)                  OT1/cmr/bx/n --> OT4/cmr/bx/n on input line 360.
LaTeX Font Info:    Overwriting math alphabet `\mathsf' in version `normal'
(Font)                  OT1/cmss/m/n --> OT4/cmss/m/n on input line 360.
LaTeX Font Info:    Overwriting math alphabet `\mathit' in version `normal'
(Font)                  OT1/cmr/m/it --> OT4/cmr/m/it on input line 360.
LaTeX Font Info:    Overwriting math alphabet `\mathtt' in version `normal'
(Font)                  OT1/cmtt/m/n --> OT4/cmtt/m/n on input line 360.
LaTeX Font Info:    Overwriting math alphabet `\mathsf' in version `bold'
(Font)                  OT1/cmss/bx/n --> OT4/cmss/bx/n on input line 360.
LaTeX Font Info:    Overwriting math alphabet `\mathit' in version `bold'
(Font)                  OT1/cmr/bx/it --> OT4/cmr/bx/it on input line 360.
LaTeX Font Info:    Encoding `OT1' has changed to `OT4' for symbol font
(Font)              `operators' in the math version `normal' on input line 360.

LaTeX Font Info:    Overwriting symbol font `operators' in version `normal'
(Font)                  OT1/cmr/m/n --> OT4/cmr/m/n on input line 360.
LaTeX Font Info:    Overwriting symbol font `letters' in version `normal'
(Font)                  OML/cmm/m/it --> OML/plm/m/it on input line 360.
LaTeX Font Info:    Overwriting symbol font `symbols' in version `normal'
(Font)                  OMS/cmsy/m/n --> OMS/plsy/m/n on input line 360.
LaTeX Font Info:    Overwriting symbol font `largesymbols' in version `normal'
(Font)                  OMX/cmex/m/n --> OMX/plex/m/n on input line 360.
LaTeX Font Info:    Encoding `OT1' has changed to `OT4' for symbol font
(Font)              `operators' in the math version `bold' on input line 360.
LaTeX Font Info:    Overwriting symbol font `operators' in version `bold'
(Font)                  OT1/cmr/bx/n --> OT4/cmr/bx/n on input line 360.
LaTeX Font Info:    Overwriting symbol font `letters' in version `bold'
(Font)                  OML/cmm/b/it --> OML/plm/b/it on input line 360.
LaTeX Font Info:    Overwriting symbol font `symbols' in version `bold'
(Font)                  OMS/cmsy/b/n --> OMS/plsy/b/n on input line 360.
) ("C:\Users\domin\AppData\Local\Programs\MiKTeX 2.9\tex/latex/was\gensymb.sty"
Package: gensymb 2003/07/02 v1.0 (WaS)
) ("C:\Users\domin\AppData\Local\Programs\MiKTeX 2.9\tex/latex/amscls\amsthm.st
y"
Package: amsthm 2020/05/29 v2.20.6
\thm@style=\toks16
\thm@bodyfont=\toks17
\thm@headfont=\toks18
\thm@notefont=\toks19
\thm@headpunct=\toks20
\thm@preskip=\skip43
\thm@postskip=\skip44
\thm@headsep=\skip45
\dth@everypar=\toks21
)
("C:\Users\domin\AppData\Local\Programs\MiKTeX 2.9\tex/latex/amsfonts\amssymb.s
ty"
Package: amssymb 2013/01/14 v3.01 AMS font symbols

("C:\Users\domin\AppData\Local\Programs\MiKTeX 2.9\tex/latex/amsfonts\amsfonts.
sty"
Package: amsfonts 2013/01/14 v3.01 Basic AMSFonts support
\@emptytoks=\toks22
\symAMSa=\mathgroup4
\symAMSb=\mathgroup5
LaTeX Font Info:    Redeclaring math symbol \hbar on input line 98.
LaTeX Font Info:    Overwriting math alphabet `\mathfrak' in version `bold'
(Font)                  U/euf/m/n --> U/euf/b/n on input line 106.
))
("C:\Users\domin\AppData\Local\Programs\MiKTeX 2.9\tex/latex/psnfss\pifont.sty"
Package: pifont 2020/03/25 PSNFSS-v9.3 Pi font support (SPQR) 
LaTeX Font Info:    Trying to load font information for U+pzd on input line 63.

("C:\Users\domin\AppData\Local\Programs\MiKTeX 2.9\tex/latex/psnfss\upzd.fd"
File: upzd.fd 2001/06/04 font definitions for U/pzd.
)
LaTeX Font Info:    Trying to load font information for U+psy on input line 64.


("C:\Users\domin\AppData\Local\Programs\MiKTeX 2.9\tex/latex/psnfss\upsy.fd"
File: upsy.fd 2001/06/04 font definitions for U/psy.
))
(Lista2.aux)
\openout1 = `Lista2.aux'.

LaTeX Font Info:    Checking defaults for OML/cmm/m/it on input line 14.
LaTeX Font Info:    ... okay on input line 14.
LaTeX Font Info:    Checking defaults for T1/cmr/m/n on input line 14.
LaTeX Font Info:    ... okay on input line 14.
LaTeX Font Info:    Checking defaults for OT1/cmr/m/n on input line 14.
LaTeX Font Info:    ... okay on input line 14.
LaTeX Font Info:    Checking defaults for OMS/cmsy/m/n on input line 14.
LaTeX Font Info:    ... okay on input line 14.
LaTeX Font Info:    Checking defaults for OMX/cmex/m/n on input line 14.
LaTeX Font Info:    ... okay on input line 14.
LaTeX Font Info:    Checking defaults for U/cmr/m/n on input line 14.
LaTeX Font Info:    ... okay on input line 14.
LaTeX Font Info:    Checking defaults for OT4/cmr/m/n on input line 14.
LaTeX Font Info:    ... okay on input line 14.
LaTeX Info: Redefining \celsius on input line 14.
Package gensymb Info: Faking symbols for \degree and \celsius on input line 14.



Package gensymb Warning: Not defining \perthousand.

LaTeX Info: Redefining \ohm on input line 14.
Package gensymb Info: Using \Omega for \ohm on input line 14.

Package gensymb Warning: Not defining \micro.

LaTeX Font Info:    Trying to load font information for OML+plm on input line 1
5.
("C:\Users\domin\AppData\Local\Programs\MiKTeX 2.9\tex/latex/polski\omlplm.fd"
File: omlplm.fd 2008/02/24 v1.2.1 Font defs for fonts PL (MW)
)
LaTeX Font Info:    Trying to load font information for OMS+plsy on input line 
15.
("C:\Users\domin\AppData\Local\Programs\MiKTeX 2.9\tex/latex/polski\omsplsy.fd"
File: omsplsy.fd 2008/02/24 v1.2.1 Font defs for fonts PL (MW)
)
LaTeX Font Info:    Trying to load font information for OMX+plex on input line 
15.
 ("C:\Users\domin\AppData\Local\Programs\MiKTeX 2.9\tex/latex/polski\omxplex.fd
"
File: omxplex.fd 2008/02/24 v1.2.1 Font defs for fonts PL (MW)
)
LaTeX Font Info:    External font `plex10' loaded for size
(Font)              <12> on input line 15.
LaTeX Font Info:    External font `plex10' loaded for size
(Font)              <8> on input line 15.
LaTeX Font Info:    External font `plex10' loaded for size
(Font)              <6> on input line 15.
LaTeX Font Info:    Trying to load font information for U+msa on input line 15.


("C:\Users\domin\AppData\Local\Programs\MiKTeX 2.9\tex/latex/amsfonts\umsa.fd"
File: umsa.fd 2013/01/14 v3.01 AMS symbols A
)
LaTeX Font Info:    Trying to load font information for U+msb on input line 15.

("C:\Users\domin\AppData\Local\Programs\MiKTeX 2.9\tex/latex/amsfonts\umsb.fd"
File: umsb.fd 2013/01/14 v3.01 AMS symbols B
)
LaTeX Font Info:    External font `plex10' loaded for size
(Font)              <10> on input line 18.
LaTeX Font Info:    External font `plex10' loaded for size
(Font)              <7> on input line 18.
LaTeX Font Info:    External font `plex10' loaded for size
(Font)              <5> on input line 18.

Underfull \hbox (badness 10000) in paragraph at lines 18--19

 []


Underfull \hbox (badness 10000) in paragraph at lines 21--22

 []

[1

{C:/Users/domin/AppData/Local/MiKTeX/2.9/pdftex/config/pdftex.map}]
Underfull \hbox (badness 10000) in paragraph at lines 38--39

 []


Underfull \hbox (badness 10000) in paragraph at lines 40--41

 []


Underfull \hbox (badness 10000) in paragraph at lines 42--43

 []


Underfull \hbox (badness 10000) in paragraph at lines 50--51

 []

[2]
Underfull \hbox (badness 10000) in paragraph at lines 61--62

 []


Overfull \hbox (34.2856pt too wide) detected at line 63
\OT4/cmr/m/n/10 ([] + []) = [] + [] = [] + [] =
 []


Underfull \hbox (badness 10000) in paragraph at lines 63--64

 []

[3]
Underfull \hbox (badness 10000) in paragraph at lines 69--70

 []


Underfull \hbox (badness 10000) in paragraph at lines 71--72

 []


Underfull \hbox (badness 10000) in paragraph at lines 76--77

 []


Underfull \hbox (badness 10000) in paragraph at lines 82--83

 []


Underfull \hbox (badness 10000) in paragraph at lines 87--88

 []


Underfull \hbox (badness 10000) in paragraph at lines 92--93

 []


Underfull \hbox (badness 10000) in paragraph at lines 98--99

 []

[4] [5] [6] (Lista2.aux) ) 
Here is how much of TeX's memory you used:
 1216 strings out of 492484
 15152 string characters out of 3121602
 73811 words of memory out of 3000000
 5565 multiletter control sequences out of 15000+200000
 15443 words of font info for 50 fonts, out of 3000000 for 9000
 1141 hyphenation exceptions out of 8191
 27i,6n,31p,204b,197s stack positions out of 5000i,500n,10000p,200000b,50000s
{C:/Users/domin/AppData/Local/Programs/MiKTeX 2.9/fon
ts/enc/dvips/pl/plms.enc}{C:/Users/domin/AppData/Local/Programs/MiKTeX 2.9/font
s/enc/dvips/pl/plmi.enc}{C:/Users/domin/AppData/Local/Programs/MiKTeX 2.9/fonts
/enc/dvips/pl/plsc.enc}{C:/Users/domin/AppData/Local/Programs/MiKTeX 2.9/fonts/
enc/dvips/pl/plrm.enc}{C:/Users/domin/AppData/Local/Programs/MiKTeX 2.9/fonts/e
nc/dvips/pl/plme.enc}<C:/Users/domin/AppData/Local/Programs/MiKTeX 2.9/fonts/ty
pe1/public/amsfonts/symbols/msam10.pfb><C:/Users/domin/AppData/Local/Programs/M
iKTeX 2.9/fonts/type1/public/pl/plbx12.pfb><C:/Users/domin/AppData/Local/Progra
ms/MiKTeX 2.9/fonts/type1/public/pl/plex10.pfb><C:/Users/domin/AppData/Local/Pr
ograms/MiKTeX 2.9/fonts/type1/public/pl/plmi10.pfb><C:/Users/domin/AppData/Loca
l/Programs/MiKTeX 2.9/fonts/type1/public/pl/plmi5.pfb><C:/Users/domin/AppData/L
ocal/Programs/MiKTeX 2.9/fonts/type1/public/pl/plmi7.pfb><C:/Users/domin/AppDat
a/Local/Programs/MiKTeX 2.9/fonts/type1/public/pl/plr10.pfb><C:/Users/domin/App
Data/Local/Programs/MiKTeX 2.9/fonts/type1/public/pl/plr12.pfb><C:/Users/domin/
AppData/Local/Programs/MiKTeX 2.9/fonts/type1/public/pl/plr17.pfb><C:/Users/dom
in/AppData/Local/Programs/MiKTeX 2.9/fonts/type1/public/pl/plr5.pfb><C:/Users/d
omin/AppData/Local/Programs/MiKTeX 2.9/fonts/type1/public/pl/plr7.pfb><C:/Users
/domin/AppData/Local/Programs/MiKTeX 2.9/fonts/type1/public/pl/plsy10.pfb><C:/U
sers/domin/AppData/Local/Programs/MiKTeX 2.9/fonts/type1/public/pl/plsy5.pfb><C
:/Users/domin/AppData/Local/Programs/MiKTeX 2.9/fonts/type1/public/pl/plsy7.pfb
><C:/Users/domin/AppData/Local/Programs/MiKTeX 2.9/fonts/type1/urw/zapfding/uzd
r.pfb>
Output written on Lista2.pdf (6 pages, 98936 bytes).
PDF statistics:
 86 PDF objects out of 1000 (max. 8388607)
 0 named destinations out of 1000 (max. 500000)
 1 words of extra memory for PDF output out of 10000 (max. 10000000)

